<?xml version="1.0" encoding="UTF-8"?>
<testsuite name="com.example.madalart.DetailServiceTest" tests="1" skipped="0" failures="0" errors="0" timestamp="2024-02-28T10:21:36" hostname="DESKTOP-DIVVHEP" time="0.061">
  <properties/>
  <testcase name="testGetMainTopicWithSubTopics()" classname="com.example.madalart.DetailServiceTest" time="0.061"/>
  <system-out><![CDATA[19:21:30.665 [Test worker] INFO org.springframework.test.context.support.AnnotationConfigContextLoaderUtils -- Could not detect default configuration classes for test class [com.example.madalart.DetailServiceTest]: DetailServiceTest does not declare any static, non-private, non-final, nested classes annotated with @Configuration.
19:21:30.781 [Test worker] INFO org.springframework.boot.test.context.SpringBootTestContextBootstrapper -- Found @SpringBootConfiguration com.example.madalart.MadalartApplication for test class com.example.madalart.DetailServiceTest

  .   ____          _            __ _ _
 /\\ / ___'_ __ _ _(_)_ __  __ _ \ \ \ \
( ( )\___ | '_ | '_| | '_ \/ _` | \ \ \ \
 \\/  ___)| |_)| | | | | || (_| |  ) ) ) )
  '  |____| .__|_| |_|_| |_\__, | / / / /
 =========|_|==============|___/=/_/_/_/
 :: Spring Boot ::                (v3.2.2)

2024-02-28T19:21:31.261+09:00  INFO 16780 --- [    Test worker] com.example.madalart.DetailServiceTest   : Starting DetailServiceTest using Java 19.0.2 with PID 16780 (started by sjho7 in C:\Users\sjho7\Downloads\madalart\madalart)
2024-02-28T19:21:31.262+09:00  INFO 16780 --- [    Test worker] com.example.madalart.DetailServiceTest   : No active profile set, falling back to 1 default profile: "default"
2024-02-28T19:21:32.039+09:00  INFO 16780 --- [    Test worker] .s.d.r.c.RepositoryConfigurationDelegate : Bootstrapping Spring Data JPA repositories in DEFAULT mode.
2024-02-28T19:21:32.107+09:00  INFO 16780 --- [    Test worker] .s.d.r.c.RepositoryConfigurationDelegate : Finished Spring Data repository scanning in 56 ms. Found 2 JPA repository interfaces.
2024-02-28T19:21:32.658+09:00  INFO 16780 --- [    Test worker] o.hibernate.jpa.internal.util.LogHelper  : HHH000204: Processing PersistenceUnitInfo [name: default]
2024-02-28T19:21:32.739+09:00  INFO 16780 --- [    Test worker] org.hibernate.Version                    : HHH000412: Hibernate ORM core version 6.4.1.Final
2024-02-28T19:21:32.798+09:00  INFO 16780 --- [    Test worker] o.h.c.internal.RegionFactoryInitiator    : HHH000026: Second-level cache disabled
2024-02-28T19:21:33.101+09:00  INFO 16780 --- [    Test worker] o.s.o.j.p.SpringPersistenceUnitInfo      : No LoadTimeWeaver setup: ignoring JPA class transformer
2024-02-28T19:21:33.133+09:00  INFO 16780 --- [    Test worker] com.zaxxer.hikari.HikariDataSource       : HikariPool-1 - Starting...
2024-02-28T19:21:33.290+09:00  INFO 16780 --- [    Test worker] com.zaxxer.hikari.pool.HikariPool        : HikariPool-1 - Added connection com.mysql.cj.jdbc.ConnectionImpl@14292d71
2024-02-28T19:21:33.292+09:00  INFO 16780 --- [    Test worker] com.zaxxer.hikari.HikariDataSource       : HikariPool-1 - Start completed.
2024-02-28T19:21:33.335+09:00  WARN 16780 --- [    Test worker] org.hibernate.orm.deprecation            : HHH90000025: MySQL8Dialect does not need to be specified explicitly using 'hibernate.dialect' (remove the property setting and it will be selected by default)
2024-02-28T19:21:33.337+09:00  WARN 16780 --- [    Test worker] org.hibernate.orm.deprecation            : HHH90000026: MySQL8Dialect has been deprecated; use org.hibernate.dialect.MySQLDialect instead
2024-02-28T19:21:34.340+09:00  INFO 16780 --- [    Test worker] o.h.e.t.j.p.i.JtaPlatformInitiator       : HHH000489: No JTA platform available (set 'hibernate.transaction.jta.platform' to enable JTA platform integration)
2024-02-28T19:21:34.426+09:00  INFO 16780 --- [    Test worker] j.LocalContainerEntityManagerFactoryBean : Initialized JPA EntityManagerFactory for persistence unit 'default'
2024-02-28T19:21:35.060+09:00  WARN 16780 --- [    Test worker] JpaBaseConfiguration$JpaWebConfiguration : spring.jpa.open-in-view is enabled by default. Therefore, database queries may be performed during view rendering. Explicitly configure spring.jpa.open-in-view to disable this warning
2024-02-28T19:21:35.491+09:00  WARN 16780 --- [    Test worker] .s.s.UserDetailsServiceAutoConfiguration : 

Using generated security password: e95319b0-cb46-40ed-ac80-536cf3430c3f

This generated password is for development use only. Your security configuration must be updated before running your application in production.

2024-02-28T19:21:35.647+09:00  INFO 16780 --- [    Test worker] o.s.s.web.DefaultSecurityFilterChain     : Will secure any request with [org.springframework.security.web.session.DisableEncodeUrlFilter@37aec9b, org.springframework.security.web.context.request.async.WebAsyncManagerIntegrationFilter@34538ffe, org.springframework.security.web.context.SecurityContextHolderFilter@339b45f8, org.springframework.security.web.header.HeaderWriterFilter@78b29e00, org.springframework.web.filter.CorsFilter@7ae75ba6, org.springframework.security.web.csrf.CsrfFilter@251db193, org.springframework.security.web.authentication.logout.LogoutFilter@6e2e11ee, org.springframework.security.web.authentication.UsernamePasswordAuthenticationFilter@74ec4df3, org.springframework.security.web.authentication.ui.DefaultLoginPageGeneratingFilter@2eea0775, org.springframework.security.web.authentication.ui.DefaultLogoutPageGeneratingFilter@2bab1821, org.springframework.security.web.authentication.www.BasicAuthenticationFilter@25bd68ea, org.springframework.security.web.savedrequest.RequestCacheAwareFilter@1f8ac459, org.springframework.security.web.servletapi.SecurityContextHolderAwareRequestFilter@7d43c89f, org.springframework.security.web.authentication.AnonymousAuthenticationFilter@7f6137fb, org.springframework.security.web.access.ExceptionTranslationFilter@49d5c751, org.springframework.security.web.access.intercept.AuthorizationFilter@2b9a7211]
2024-02-28T19:21:35.714+09:00  INFO 16780 --- [    Test worker] com.example.madalart.DetailServiceTest   : Started DetailServiceTest in 4.734 seconds (process running for 6.121)
Detail ID: 1
Content: 제호
MainTopic ID: 1
MainTopic Title: 제호의 친구들
-----------------------------------
Detail ID: 2
Content: 지윤
MainTopic ID: 1
MainTopic Title: 제호의 친구들
-----------------------------------
Detail ID: 3
Content: 지호
MainTopic ID: 1
MainTopic Title: 제호의 친구들
-----------------------------------
]]></system-out>
  <system-err><![CDATA[]]></system-err>
</testsuite>
